<?xml version="1.0" encoding="UTF-8"?>
<!-- Generated by org.testng.reporters.JUnitXMLReporter -->
<testsuite ignored="0" hostname="QT-INNO-LT1448" failures="1" tests="24" name="Test" time="79.724" errors="0" timestamp="2024-04-21T14:00:03 IST">
  <testcase classname="test.Assignment7" name="AssignmentSeven" time="11.332"/>
  <testcase classname="test.Assignment8" name="AssignmentEight" time="14.466"/>
  <testcase classname="test.FilterExample" name="FilterExampleTest" time="0.005">
    <failure type="org.openqa.selenium.remote.NoSuchDriverException" message="chromedriver at location C://chromedriver.exe, does not exist
For documentation on this error, please visit: https://www.selenium.dev/documentation/webdriver/troubleshooting/errors/driver_location/
Build info: version: &amp;apos;4.19.1&amp;apos;, revision: &amp;apos;abe0ee07dc&amp;apos;
System info: os.name: &amp;apos;Windows 10&amp;apos;, os.arch: &amp;apos;amd64&amp;apos;, os.version: &amp;apos;10.0&amp;apos;, java.version: &amp;apos;17.0.1&amp;apos;
Driver info: driver.version: ChromeDriver">
      <![CDATA[org.openqa.selenium.remote.NoSuchDriverException: chromedriver at location C://chromedriver.exe, does not exist
For documentation on this error, please visit: https://www.selenium.dev/documentation/webdriver/troubleshooting/errors/driver_location/
Build info: version: '4.19.1', revision: 'abe0ee07dc'
System info: os.name: 'Windows 10', os.arch: 'amd64', os.version: '10.0', java.version: '17.0.1'
Driver info: driver.version: ChromeDriver
at org.openqa.selenium.remote.service.DriverFinder.getPath(DriverFinder.java:76)
at org.openqa.selenium.remote.service.DriverFinder.getPath(DriverFinder.java:33)
at org.openqa.selenium.chrome.ChromeDriver.generateExecutor(ChromeDriver.java:99)
at org.openqa.selenium.chrome.ChromeDriver.<init>(ChromeDriver.java:89)
at org.openqa.selenium.chrome.ChromeDriver.<init>(ChromeDriver.java:84)
at org.openqa.selenium.chrome.ChromeDriver.<init>(ChromeDriver.java:52)
at test.FilterExample.FilterExampleTest(FilterExample.java:18)
at java.base/java.util.concurrent.Executors$RunnableAdapter.call(Executors.java:539)
at java.base/java.util.concurrent.FutureTask.run(FutureTask.java:264)
at java.base/java.util.concurrent.ThreadPoolExecutor.runWorker(ThreadPoolExecutor.java:1136)
at java.base/java.util.concurrent.ThreadPoolExecutor$Worker.run(ThreadPoolExecutor.java:635)
at java.base/java.lang.Thread.run(Thread.java:833)
... Removed 13 stack frames]]>
    </failure>
  </testcase> <!-- FilterExampleTest -->
  <testcase classname="test.MangeTab" name="MangeTabTest" time="15.922"/>
  <testcase classname="test.JavaStreams" name="JavaStreamsTest" time="7.714"/>
  <testcase classname="test.JSConfirmBox" name="JSConfirmBoxTest" time="13.189"/>
  <testcase classname="test.JenkinsTest" name="JenkinsTestExe" time="0.0"/>
  <testcase classname="test.ActionsPractice" name="actionTest" time="10.576"/>
  <testcase classname="test.StreamTest" name="hashMapTest" time="0.013"/>
  <testcase classname="test.StreamTest" name="testStremReduce" time="0.004"/>
  <testcase classname="test.JSAlertBox" name="JSAlertBoxTest" time="12.837"/>
  <testcase classname="test.TestNGDataProvider" name="test1" time="0.0"/>
  <testcase classname="test.TestNGDataProvider" name="test1" time="0.016"/>
  <testcase classname="test.TestNGDataProvider" name="test1" time="0.001"/>
  <testcase classname="test.CheckBoxExample" name="CheckBoxExampleTest" time="15.545"/>
  <testcase classname="test.Assignment2" name="assignmentTwo" time="13.764"/>
  <testcase classname="test.Assignment5" name="AssignmentFive" time="9.096"/>
  <testcase classname="test.SRKTest" name="SRKTestOne" time="12.925"/>
  <testcase classname="test.DynamicDropDown" name="Test1" time="22.105"/>
  <testcase classname="test.SelectorsPractice" name="SelectorsPracticeTest" time="8.779"/>
  <testcase classname="test.TableData" name="TableDataTest" time="13.585"/>
  <testcase classname="test.DynamicDropDown" name="Test2" time="13.013"/>
  <testcase classname="test.Assignment4" name="AssignmentFour" time="8.546"/>
  <testcase classname="test.Assignment3" name="AssignmentThree" time="21.686"/>
</testsuite> <!-- Test -->
