<html>
<head>
<title>TestNG:  Test</title>
<link href="../testng.css" rel="stylesheet" type="text/css" />
<link href="../my-testng.css" rel="stylesheet" type="text/css" />

<style type="text/css">
.log { display: none;} 
.stack-trace { display: none;} 
</style>
<script type="text/javascript">
<!--
function flip(e) {
  current = e.style.display;
  if (current == 'block') {
    e.style.display = 'none';
    return 0;
  }
  else {
    e.style.display = 'block';
    return 1;
  }
}

function toggleBox(szDivId, elem, msg1, msg2)
{
  var res = -1;  if (document.getElementById) {
    res = flip(document.getElementById(szDivId));
  }
  else if (document.all) {
    // this is the way old msie versions work
    res = flip(document.all[szDivId]);
  }
  if(elem) {
    if(res == 0) elem.innerHTML = msg1; else elem.innerHTML = msg2;
  }

}

function toggleAllBoxes() {
  if (document.getElementsByTagName) {
    d = document.getElementsByTagName('div');
    for (i = 0; i < d.length; i++) {
      if (d[i].className == 'log') {
        flip(d[i]);
      }
    }
  }
}

// -->
</script>

</head>
<body>
<h2 align='center'>Test</h2><table border='1' align="center">
<tr>
<td>Tests passed/Failed/Skipped:</td><td>23/1/0</td>
</tr><tr>
<td>Started on:</td><td>Sun Apr 21 13:58:44 IST 2024</td>
</tr>
<tr><td>Total time:</td><td>79 seconds (79724 ms)</td>
</tr><tr>
<td>Included groups:</td><td></td>
</tr><tr>
<td>Excluded groups:</td><td></td>
</tr>
</table><p/>
<small><i>(Hover the method name to see the test class name)</i></small><p/>
<table width='100%' border='1' class='invocation-failed'>
<tr><td colspan='4' align='center'><b>FAILED TESTS</b></td></tr>
<tr><td><b>Test method</b></td>
<td><b>Attribute(s)</b></td>
<td width="30%"><b>Exception</b></td>
<td width="10%"><b>Time (seconds)</b></td>
<td><b>Instance</b></td>
</tr>
<tr>
<td title='test.FilterExample.FilterExampleTest()'><b>FilterExampleTest</b><br>Test class: test.FilterExample</td>
<td><div><pre>org.openqa.selenium.remote.NoSuchDriverException: chromedriver at location C://chromedriver.exe, does not exist
For documentation on this error, please visit: https://www.selenium.dev/documentation/webdriver/troubleshooting/errors/driver_location/
Build info: version: &apos;4.19.1&apos;, revision: &apos;abe0ee07dc&apos;
System info: os.name: &apos;Windows 10&apos;, os.arch: &apos;amd64&apos;, os.version: &apos;10.0&apos;, java.version: &apos;17.0.1&apos;
Driver info: driver.version: ChromeDriver
	at org.openqa.selenium.remote.service.DriverFinder.getPath(DriverFinder.java:76)
	at org.openqa.selenium.remote.service.DriverFinder.getPath(DriverFinder.java:33)
	at org.openqa.selenium.chrome.ChromeDriver.generateExecutor(ChromeDriver.java:99)
	at org.openqa.selenium.chrome.ChromeDriver.&lt;init&gt;(ChromeDriver.java:89)
	at org.openqa.selenium.chrome.ChromeDriver.&lt;init&gt;(ChromeDriver.java:84)
	at org.openqa.selenium.chrome.ChromeDriver.&lt;init&gt;(ChromeDriver.java:52)
	at test.FilterExample.FilterExampleTest(FilterExample.java:18)
	at java.base/java.util.concurrent.Executors$RunnableAdapter.call(Executors.java:539)
	at java.base/java.util.concurrent.FutureTask.run(FutureTask.java:264)
	at java.base/java.util.concurrent.ThreadPoolExecutor.runWorker(ThreadPoolExecutor.java:1136)
	at java.base/java.util.concurrent.ThreadPoolExecutor$Worker.run(ThreadPoolExecutor.java:635)
	at java.base/java.lang.Thread.run(Thread.java:833)
... Removed 13 stack frames</pre></div><a href='#' onClick='toggleBox("stack-trace1683839862", this, "Click to show all stack frames", "Click to hide stack frames")'>Click to show all stack frames</a>
<div class='stack-trace' id='stack-trace1683839862'><pre>org.openqa.selenium.remote.NoSuchDriverException: chromedriver at location C://chromedriver.exe, does not exist
For documentation on this error, please visit: https://www.selenium.dev/documentation/webdriver/troubleshooting/errors/driver_location/
Build info: version: &apos;4.19.1&apos;, revision: &apos;abe0ee07dc&apos;
System info: os.name: &apos;Windows 10&apos;, os.arch: &apos;amd64&apos;, os.version: &apos;10.0&apos;, java.version: &apos;17.0.1&apos;
Driver info: driver.version: ChromeDriver
	at org.openqa.selenium.remote.service.DriverFinder.getPath(DriverFinder.java:76)
	at org.openqa.selenium.remote.service.DriverFinder.getPath(DriverFinder.java:33)
	at org.openqa.selenium.chrome.ChromeDriver.generateExecutor(ChromeDriver.java:99)
	at org.openqa.selenium.chrome.ChromeDriver.&lt;init&gt;(ChromeDriver.java:89)
	at org.openqa.selenium.chrome.ChromeDriver.&lt;init&gt;(ChromeDriver.java:84)
	at org.openqa.selenium.chrome.ChromeDriver.&lt;init&gt;(ChromeDriver.java:52)
	at test.FilterExample.FilterExampleTest(FilterExample.java:18)
	at java.base/jdk.internal.reflect.NativeMethodAccessorImpl.invoke0(Native Method)
	at java.base/jdk.internal.reflect.NativeMethodAccessorImpl.invoke(NativeMethodAccessorImpl.java:77)
	at java.base/jdk.internal.reflect.DelegatingMethodAccessorImpl.invoke(DelegatingMethodAccessorImpl.java:43)
	at java.base/java.lang.reflect.Method.invoke(Method.java:568)
	at org.testng.internal.invokers.MethodInvocationHelper.invokeMethod(MethodInvocationHelper.java:141)
	at org.testng.internal.invokers.TestInvoker.invokeMethod(TestInvoker.java:686)
	at org.testng.internal.invokers.TestInvoker.invokeTestMethod(TestInvoker.java:230)
	at org.testng.internal.invokers.MethodRunner.runInSequence(MethodRunner.java:63)
	at org.testng.internal.invokers.TestInvoker$MethodInvocationAgent.invoke(TestInvoker.java:992)
	at org.testng.internal.invokers.TestInvoker.invokeTestMethods(TestInvoker.java:203)
	at org.testng.internal.invokers.TestMethodWorker.invokeTestMethods(TestMethodWorker.java:154)
	at org.testng.internal.invokers.TestMethodWorker.run(TestMethodWorker.java:134)
	at java.base/java.util.concurrent.Executors$RunnableAdapter.call(Executors.java:539)
	at java.base/java.util.concurrent.FutureTask.run(FutureTask.java:264)
	at org.testng.internal.thread.graph.TestNGFutureTask.run(TestNGFutureTask.java:22)
	at java.base/java.util.concurrent.ThreadPoolExecutor.runWorker(ThreadPoolExecutor.java:1136)
	at java.base/java.util.concurrent.ThreadPoolExecutor$Worker.run(ThreadPoolExecutor.java:635)
	at java.base/java.lang.Thread.run(Thread.java:833)
</pre></div></td>
<td>0</td>
<td>test.FilterExample@2767e23c</td></tr>
</table><p>
<table width='100%' border='1' class='invocation-passed'>
<tr><td colspan='4' align='center'><b>PASSED TESTS</b></td></tr>
<tr><td><b>Test method</b></td>
<td><b>Attribute(s)</b></td>
<td width="30%"><b>Exception</b></td>
<td width="10%"><b>Time (seconds)</b></td>
<td><b>Instance</b></td>
</tr>
<tr>
<td title='test.Assignment2.assignmentTwo()'><b>assignmentTwo</b><br>Test class: test.Assignment2</td>
<td></td>
<td>13</td>
<td>test.Assignment2@7ce69770</td></tr>
<tr>
<td title='test.TestNGDataProvider.test1()'><b>test1</b><br>Test class: test.TestNGDataProvider<br>Test method: This is an example of DataProviders in TestNG<br>Parameters: Shiv Mangal, smangal</td>
<td></td>
<td>0</td>
<td>test.TestNGDataProvider@6e9a5ed8</td></tr>
<tr>
<td title='test.TestNGDataProvider.test1()'><b>test1</b><br>Test class: test.TestNGDataProvider<br>Test method: This is an example of DataProviders in TestNG<br>Parameters: Anil Kumar Gupta, akgupta</td>
<td></td>
<td>0</td>
<td>test.TestNGDataProvider@6e9a5ed8</td></tr>
<tr>
<td title='test.Assignment7.AssignmentSeven()'><b>AssignmentSeven</b><br>Test class: test.Assignment7</td>
<td></td>
<td>11</td>
<td>test.Assignment7@68c9133c</td></tr>
<tr>
<td title='test.JSConfirmBox.JSConfirmBoxTest()'><b>JSConfirmBoxTest</b><br>Test class: test.JSConfirmBox</td>
<td></td>
<td>13</td>
<td>test.JSConfirmBox@6fa51cd4</td></tr>
<tr>
<td title='test.ActionsPractice.actionTest()'><b>actionTest</b><br>Test class: test.ActionsPractice</td>
<td></td>
<td>10</td>
<td>test.ActionsPractice@5386659f</td></tr>
<tr>
<td title='test.StreamTest.hashMapTest()'><b>hashMapTest</b><br>Test class: test.StreamTest</td>
<td></td>
<td>0</td>
<td>test.StreamTest@7ce026d3</td></tr>
<tr>
<td title='test.Assignment5.AssignmentFive()'><b>AssignmentFive</b><br>Test class: test.Assignment5</td>
<td></td>
<td>9</td>
<td>test.Assignment5@25be7b63</td></tr>
<tr>
<td title='test.JSAlertBox.JSAlertBoxTest()'><b>JSAlertBoxTest</b><br>Test class: test.JSAlertBox</td>
<td></td>
<td>12</td>
<td>test.JSAlertBox@14028087</td></tr>
<tr>
<td title='test.TestNGDataProvider.test1()'><b>test1</b><br>Test class: test.TestNGDataProvider<br>Test method: This is an example of DataProviders in TestNG<br>Parameters: Kanika Bhardwaj, Kbhardwaj</td>
<td></td>
<td>0</td>
<td>test.TestNGDataProvider@6e9a5ed8</td></tr>
<tr>
<td title='test.MangeTab.MangeTabTest()'><b>MangeTabTest</b><br>Test class: test.MangeTab</td>
<td></td>
<td>15</td>
<td>test.MangeTab@57a78e3</td></tr>
<tr>
<td title='test.StreamTest.testStremReduce()'><b>testStremReduce</b><br>Test class: test.StreamTest</td>
<td></td>
<td>0</td>
<td>test.StreamTest@7ce026d3</td></tr>
<tr>
<td title='test.Assignment4.AssignmentFour()'><b>AssignmentFour</b><br>Test class: test.Assignment4</td>
<td></td>
<td>8</td>
<td>test.Assignment4@4a8355dd</td></tr>
<tr>
<td title='test.Assignment8.AssignmentEight()'><b>AssignmentEight</b><br>Test class: test.Assignment8</td>
<td></td>
<td>14</td>
<td>test.Assignment8@402c4085</td></tr>
<tr>
<td title='test.SRKTest.SRKTestOne()'><b>SRKTestOne</b><br>Test class: test.SRKTest</td>
<td></td>
<td>12</td>
<td>test.SRKTest@28dcca0c</td></tr>
<tr>
<td title='test.TableData.TableDataTest()'><b>TableDataTest</b><br>Test class: test.TableData</td>
<td></td>
<td>13</td>
<td>test.TableData@52f27fbd</td></tr>
<tr>
<td title='test.CheckBoxExample.CheckBoxExampleTest()'><b>CheckBoxExampleTest</b><br>Test class: test.CheckBoxExample</td>
<td></td>
<td>15</td>
<td>test.CheckBoxExample@1caa0244</td></tr>
<tr>
<td title='test.JavaStreams.JavaStreamsTest()'><b>JavaStreamsTest</b><br>Test class: test.JavaStreams</td>
<td></td>
<td>7</td>
<td>test.JavaStreams@710c2b53</td></tr>
<tr>
<td title='test.JenkinsTest.JenkinsTestExe()'><b>JenkinsTestExe</b><br>Test class: test.JenkinsTest</td>
<td></td>
<td>0</td>
<td>test.JenkinsTest@cecf639</td></tr>
<tr>
<td title='test.SelectorsPractice.SelectorsPracticeTest()'><b>SelectorsPracticeTest</b><br>Test class: test.SelectorsPractice</td>
<td></td>
<td>8</td>
<td>test.SelectorsPractice@45d84a20</td></tr>
<tr>
<td title='test.Assignment3.AssignmentThree()'><b>AssignmentThree</b><br>Test class: test.Assignment3</td>
<td></td>
<td>21</td>
<td>test.Assignment3@4c163e3</td></tr>
<tr>
<td title='test.DynamicDropDown.Test1()'><b>Test1</b><br>Test class: test.DynamicDropDown</td>
<td></td>
<td>22</td>
<td>test.DynamicDropDown@723ca036</td></tr>
<tr>
<td title='test.DynamicDropDown.Test2()'><b>Test2</b><br>Test class: test.DynamicDropDown</td>
<td></td>
<td>13</td>
<td>test.DynamicDropDown@723ca036</td></tr>
</table><p>
</body>
</html>