<?xml version="1.0" encoding="UTF-8"?>
<!-- Generated by org.testng.reporters.JUnitReportReporter -->
<testsuite hostname="Shiv-PC" failures="0" tests="3" name="cucumber.runners.TestRunner" time="7.081" errors="2" timestamp="2024-05-12T16:50:27 IST" skipped="0">
  <testcase classname="cucumber.runners.TestRunner" name="runScenario" time="3.526"/>
  <system-out/>
  <testcase classname="cucumber.runners.TestRunner" name="runScenario" time="2.508">
    <error message="element click intercepted: Element &lt;input id=&quot;terms&quot; name=&quot;terms&quot; type=&quot;checkbox&quot;&gt; is not clickable at point (403, 486). Other element would receive the click: &lt;div id=&quot;myModal&quot; class=&quot;modal fade show&quot; style=&quot;padding-right: 17px; display: block;&quot;&gt;...&lt;/div&gt;
  (Session info: chrome=124.0.6367.201)
Build info: version: &#039;4.20.0&#039;, revision: &#039;866c76ca80&#039;
System info: os.name: &#039;Windows 11&#039;, os.arch: &#039;amd64&#039;, os.version: &#039;10.0&#039;, java.version: &#039;17.0.8.1&#039;
Driver info: org.openqa.selenium.chrome.ChromeDriver
Command: [e53457cb703768458ebfb1675fec8706, clickElement {id=f.B4850647F18746C7C2006D62401EB22F.d.7EE71AE149C2301206B6B315F447C6D0.e.39}]
Capabilities {acceptInsecureCerts: false, browserName: chrome, browserVersion: 124.0.6367.201, chrome: {chromedriverVersion: 124.0.6367.201 (46cf136d27d..., userDataDir: C:\Users\SHIVMA~1\AppData\L...}, fedcm:accounts: true, goog:chromeOptions: {debuggerAddress: localhost:51133}, networkConnectionEnabled: false, pageLoadStrategy: normal, platformName: windows, proxy: Proxy(), se:cdp: ws://localhost:51133/devtoo..., se:cdpVersion: 124.0.6367.201, setWindowRect: true, strictFileInteractability: false, timeouts: {implicit: 0, pageLoad: 300000, script: 30000}, unhandledPromptBehavior: dismiss and notify, webauthn:extension:credBlob: true, webauthn:extension:largeBlob: true, webauthn:extension:minPinLength: true, webauthn:extension:prf: true, webauthn:virtualAuthenticators: true}
Element: [[ChromeDriver: chrome on windows (e53457cb703768458ebfb1675fec8706)] -&gt; id: terms]
Session ID: e53457cb703768458ebfb1675fec8706" type="org.openqa.selenium.ElementClickInterceptedException">
      <![CDATA[org.openqa.selenium.ElementClickInterceptedException: element click intercepted: Element <input id="terms" name="terms" type="checkbox"> is not clickable at point (403, 486). Other element would receive the click: <div id="myModal" class="modal fade show" style="padding-right: 17px; display: block;">...</div>
  (Session info: chrome=124.0.6367.201)
Build info: version: '4.20.0', revision: '866c76ca80'
System info: os.name: 'Windows 11', os.arch: 'amd64', os.version: '10.0', java.version: '17.0.8.1'
Driver info: org.openqa.selenium.chrome.ChromeDriver
Command: [e53457cb703768458ebfb1675fec8706, clickElement {id=f.B4850647F18746C7C2006D62401EB22F.d.7EE71AE149C2301206B6B315F447C6D0.e.39}]
Capabilities {acceptInsecureCerts: false, browserName: chrome, browserVersion: 124.0.6367.201, chrome: {chromedriverVersion: 124.0.6367.201 (46cf136d27d..., userDataDir: C:\Users\SHIVMA~1\AppData\L...}, fedcm:accounts: true, goog:chromeOptions: {debuggerAddress: localhost:51133}, networkConnectionEnabled: false, pageLoadStrategy: normal, platformName: windows, proxy: Proxy(), se:cdp: ws://localhost:51133/devtoo..., se:cdpVersion: 124.0.6367.201, setWindowRect: true, strictFileInteractability: false, timeouts: {implicit: 0, pageLoad: 300000, script: 30000}, unhandledPromptBehavior: dismiss and notify, webauthn:extension:credBlob: true, webauthn:extension:largeBlob: true, webauthn:extension:minPinLength: true, webauthn:extension:prf: true, webauthn:virtualAuthenticators: true}
Element: [[ChromeDriver: chrome on windows (e53457cb703768458ebfb1675fec8706)] -> id: terms]
Session ID: e53457cb703768458ebfb1675fec8706
at java.base/jdk.internal.reflect.NativeConstructorAccessorImpl.newInstance0(Native Method)
at java.base/jdk.internal.reflect.NativeConstructorAccessorImpl.newInstance(NativeConstructorAccessorImpl.java:77)
at java.base/jdk.internal.reflect.DelegatingConstructorAccessorImpl.newInstance(DelegatingConstructorAccessorImpl.java:45)
at java.base/java.lang.reflect.Constructor.newInstanceWithCaller(Constructor.java:499)
at java.base/java.lang.reflect.Constructor.newInstance(Constructor.java:480)
at org.openqa.selenium.remote.ErrorCodec.decode(ErrorCodec.java:167)
at org.openqa.selenium.remote.codec.w3c.W3CHttpResponseCodec.decode(W3CHttpResponseCodec.java:138)
at org.openqa.selenium.remote.codec.w3c.W3CHttpResponseCodec.decode(W3CHttpResponseCodec.java:50)
at org.openqa.selenium.remote.HttpCommandExecutor.execute(HttpCommandExecutor.java:190)
at org.openqa.selenium.remote.service.DriverCommandExecutor.invokeExecute(DriverCommandExecutor.java:216)
at org.openqa.selenium.remote.service.DriverCommandExecutor.execute(DriverCommandExecutor.java:174)
at org.openqa.selenium.remote.RemoteWebDriver.execute(RemoteWebDriver.java:518)
at org.openqa.selenium.remote.RemoteWebElement.execute(RemoteWebElement.java:223)
at org.openqa.selenium.remote.RemoteWebElement.click(RemoteWebElement.java:76)
at cucumber.stepdefinations.AssignmentTwoStepDefinations.i_click_on_login_page_terms_checkbox(AssignmentTwoStepDefinations.java:95)
at ✽.I click on loginPageTerms checkbox(file:///C:/Users/SHIV%20MANGAL/Desktop/Shiv%20Mangal/SeleniumAutomationTest/src/test/resources/Features/Assignments.feature:24)
]]>
    </error>
  </testcase> <!-- runScenario -->
  <system-out/>
  <testcase classname="cucumber.runners.TestRunner" name="runScenario" time="1.047">
    <error message="Cannot invoke &quot;String.split(String)&quot; because the return value of &quot;cucumber.utils.PropertiesFileHandler.readLocatorsProerties(String)&quot; is null" type="java.lang.NullPointerException">
      <![CDATA[java.lang.NullPointerException: Cannot invoke "String.split(String)" because the return value of "cucumber.utils.PropertiesFileHandler.readLocatorsProerties(String)" is null
at cucumber.utils.BaseFunctions.element(BaseFunctions.java:118)
at cucumber.stepdefinations.AssignmentTwoStepDefinations.i_click_on_login_page_sign_in_button(AssignmentTwoStepDefinations.java:100)
at ✽.I click on submit button(file:///C:/Users/SHIV%20MANGAL/Desktop/Shiv%20Mangal/SeleniumAutomationTest/src/test/resources/Features/Assignments.feature:13)
]]>
    </error>
  </testcase> <!-- runScenario -->
  <system-out/>
</testsuite> <!-- cucumber.runners.TestRunner -->
